<?xml version="1.0" encoding="UTF-8"?>
<testng-results skipped="0" failed="2" ignored="10" total="22" passed="10">
  <reporter-output>
  </reporter-output>
  <suite name="tracify Application Test Automation Test Suite" duration-ms="342106" started-at="2019-09-09T09:45:25Z" finished-at="2019-09-09T09:51:07Z">
    <groups>
    </groups>
    <test name="tracify app test Cases" duration-ms="342106" started-at="2019-09-09T09:45:25Z" finished-at="2019-09-09T09:51:07Z">
      <class name="com.herokuapp.qa.tests.HomePageTest">
        <test-method status="PASS" signature="setup()[pri:0, instance:com.herokuapp.qa.tests.HomePageTest@30b8a058]" name="setup" is-config="true" duration-ms="17727" started-at="2019-09-09T09:46:37Z" finished-at="2019-09-09T09:46:55Z">
          <reporter-output>
          </reporter-output>
        </test-method> <!-- setup -->
        <test-method status="PASS" signature="verifyHomePageTitle()[pri:3, instance:com.herokuapp.qa.tests.HomePageTest@30b8a058]" name="verifyHomePageTitle" duration-ms="19" started-at="2019-09-09T09:46:55Z" description="Validation the home page title" finished-at="2019-09-09T09:46:55Z">
          <reporter-output>
          </reporter-output>
        </test-method> <!-- verifyHomePageTitle -->
        <test-method status="PASS" signature="Exit()[pri:0, instance:com.herokuapp.qa.tests.HomePageTest@30b8a058]" name="Exit" is-config="true" duration-ms="990" started-at="2019-09-09T09:46:55Z" finished-at="2019-09-09T09:46:56Z">
          <reporter-output>
          </reporter-output>
        </test-method> <!-- Exit -->
        <test-method status="PASS" signature="getResult(org.testng.ITestResult)[pri:0, instance:com.herokuapp.qa.tests.HomePageTest@30b8a058]" name="getResult" is-config="true" duration-ms="0" started-at="2019-09-09T09:46:56Z" finished-at="2019-09-09T09:46:56Z">
          <params>
            <param index="0">
              <value>
                <![CDATA[[TestResult name=verifyHomePageTitle status=SUCCESS method=HomePageTest.verifyHomePageTitle()[pri:3, instance:com.herokuapp.qa.tests.HomePageTest@30b8a058] output={null}]]]>
              </value>
            </param>
          </params>
          <reporter-output>
          </reporter-output>
        </test-method> <!-- getResult -->
        <test-method status="PASS" signature="setup()[pri:0, instance:com.herokuapp.qa.tests.HomePageTest@30b8a058]" name="setup" is-config="true" duration-ms="15703" started-at="2019-09-09T09:46:56Z" finished-at="2019-09-09T09:47:11Z">
          <reporter-output>
          </reporter-output>
        </test-method> <!-- setup -->
        <test-method status="PASS" signature="VerifyUserProfileName()[pri:4, instance:com.herokuapp.qa.tests.HomePageTest@30b8a058]" name="VerifyUserProfileName" duration-ms="51" started-at="2019-09-09T09:47:11Z" description="Validation the userprofile name" finished-at="2019-09-09T09:47:11Z">
          <reporter-output>
          </reporter-output>
        </test-method> <!-- VerifyUserProfileName -->
        <test-method status="PASS" signature="Exit()[pri:0, instance:com.herokuapp.qa.tests.HomePageTest@30b8a058]" name="Exit" is-config="true" duration-ms="1010" started-at="2019-09-09T09:47:11Z" finished-at="2019-09-09T09:47:12Z">
          <reporter-output>
          </reporter-output>
        </test-method> <!-- Exit -->
        <test-method status="PASS" signature="getResult(org.testng.ITestResult)[pri:0, instance:com.herokuapp.qa.tests.HomePageTest@30b8a058]" name="getResult" is-config="true" duration-ms="1" started-at="2019-09-09T09:47:12Z" finished-at="2019-09-09T09:47:12Z">
          <params>
            <param index="0">
              <value>
                <![CDATA[[TestResult name=VerifyUserProfileName status=SUCCESS method=HomePageTest.VerifyUserProfileName()[pri:4, instance:com.herokuapp.qa.tests.HomePageTest@30b8a058] output={null}]]]>
              </value>
            </param>
          </params>
          <reporter-output>
          </reporter-output>
        </test-method> <!-- getResult -->
      </class> <!-- com.herokuapp.qa.tests.HomePageTest -->
      <class name="com.herokuapp.qa.tests.EditProfilePageTest">
        <test-method status="PASS" signature="setup()[pri:0, instance:com.herokuapp.qa.tests.EditProfilePageTest@7494e528]" name="setup" is-config="true" duration-ms="22106" started-at="2019-09-09T09:47:13Z" finished-at="2019-09-09T09:47:35Z">
          <reporter-output>
          </reporter-output>
        </test-method> <!-- setup -->
        <test-method status="PASS" signature="update(java.lang.String)[pri:6, instance:com.herokuapp.qa.tests.EditProfilePageTest@7494e528]" name="update" duration-ms="4227" started-at="2019-09-09T09:47:35Z" description="Update the user profile" data-provider="profileupdate" finished-at="2019-09-09T09:47:39Z">
          <params>
            <param index="0">
              <value>
                <![CDATA[Indore]]>
              </value>
            </param>
          </params>
          <reporter-output>
          </reporter-output>
        </test-method> <!-- update -->
        <test-method status="PASS" signature="Exit()[pri:0, instance:com.herokuapp.qa.tests.EditProfilePageTest@7494e528]" name="Exit" is-config="true" duration-ms="955" started-at="2019-09-09T09:47:39Z" finished-at="2019-09-09T09:47:40Z">
          <reporter-output>
          </reporter-output>
        </test-method> <!-- Exit -->
        <test-method status="PASS" signature="getResult(org.testng.ITestResult)[pri:0, instance:com.herokuapp.qa.tests.EditProfilePageTest@7494e528]" name="getResult" is-config="true" duration-ms="2" started-at="2019-09-09T09:47:40Z" finished-at="2019-09-09T09:47:40Z">
          <params>
            <param index="0">
              <value>
                <![CDATA[[TestResult name=update status=SUCCESS method=EditProfilePageTest.update(java.lang.String)[pri:6, instance:com.herokuapp.qa.tests.EditProfilePageTest@7494e528] output={null}]]]>
              </value>
            </param>
          </params>
          <reporter-output>
          </reporter-output>
        </test-method> <!-- getResult -->
        <test-method status="PASS" signature="setup()[pri:0, instance:com.herokuapp.qa.tests.EditProfilePageTest@7494e528]" name="setup" is-config="true" duration-ms="21601" started-at="2019-09-09T09:47:40Z" finished-at="2019-09-09T09:48:02Z">
          <reporter-output>
          </reporter-output>
        </test-method> <!-- setup -->
        <test-method status="PASS" signature="verify_updated_data(java.lang.String)[pri:7, instance:com.herokuapp.qa.tests.EditProfilePageTest@7494e528]" name="verify_updated_data" duration-ms="61" started-at="2019-09-09T09:48:02Z" description="verify the edited profile data" data-provider="profileupdate" finished-at="2019-09-09T09:48:02Z">
          <params>
            <param index="0">
              <value>
                <![CDATA[Indore]]>
              </value>
            </param>
          </params>
          <reporter-output>
          </reporter-output>
        </test-method> <!-- verify_updated_data -->
        <test-method status="PASS" signature="Exit()[pri:0, instance:com.herokuapp.qa.tests.EditProfilePageTest@7494e528]" name="Exit" is-config="true" duration-ms="1037" started-at="2019-09-09T09:48:02Z" finished-at="2019-09-09T09:48:03Z">
          <reporter-output>
          </reporter-output>
        </test-method> <!-- Exit -->
        <test-method status="PASS" signature="getResult(org.testng.ITestResult)[pri:0, instance:com.herokuapp.qa.tests.EditProfilePageTest@7494e528]" name="getResult" is-config="true" duration-ms="2" started-at="2019-09-09T09:48:03Z" finished-at="2019-09-09T09:48:03Z">
          <params>
            <param index="0">
              <value>
                <![CDATA[[TestResult name=verify_updated_data status=SUCCESS method=EditProfilePageTest.verify_updated_data(java.lang.String)[pri:7, instance:com.herokuapp.qa.tests.EditProfilePageTest@7494e528] output={null}]]]>
              </value>
            </param>
          </params>
          <reporter-output>
          </reporter-output>
        </test-method> <!-- getResult -->
      </class> <!-- com.herokuapp.qa.tests.EditProfilePageTest -->
      <class name="com.herokuapp.qa.tests.CreateMissionsPageTest">
        <test-method status="PASS" signature="setup()[pri:0, instance:com.herokuapp.qa.tests.CreateMissionsPageTest@4bbfb90a]" name="setup" is-config="true" duration-ms="14965" started-at="2019-09-09T09:48:03Z" finished-at="2019-09-09T09:48:18Z">
          <reporter-output>
          </reporter-output>
        </test-method> <!-- setup -->
        <test-method status="PASS" signature="verifyTableList()[pri:9, instance:com.herokuapp.qa.tests.CreateMissionsPageTest@4bbfb90a]" name="verifyTableList" duration-ms="4212" started-at="2019-09-09T09:48:18Z" description="verify the the table list" finished-at="2019-09-09T09:48:22Z">
          <reporter-output>
          </reporter-output>
        </test-method> <!-- verifyTableList -->
        <test-method status="PASS" signature="Exit()[pri:0, instance:com.herokuapp.qa.tests.CreateMissionsPageTest@4bbfb90a]" name="Exit" is-config="true" duration-ms="971" started-at="2019-09-09T09:48:22Z" finished-at="2019-09-09T09:48:23Z">
          <reporter-output>
          </reporter-output>
        </test-method> <!-- Exit -->
        <test-method status="PASS" signature="getResult(org.testng.ITestResult)[pri:0, instance:com.herokuapp.qa.tests.CreateMissionsPageTest@4bbfb90a]" name="getResult" is-config="true" duration-ms="0" started-at="2019-09-09T09:48:23Z" finished-at="2019-09-09T09:48:23Z">
          <params>
            <param index="0">
              <value>
                <![CDATA[[TestResult name=verifyTableList status=SUCCESS method=CreateMissionsPageTest.verifyTableList()[pri:9, instance:com.herokuapp.qa.tests.CreateMissionsPageTest@4bbfb90a] output={null}]]]>
              </value>
            </param>
          </params>
          <reporter-output>
          </reporter-output>
        </test-method> <!-- getResult -->
        <test-method status="PASS" signature="setup()[pri:0, instance:com.herokuapp.qa.tests.CreateMissionsPageTest@4bbfb90a]" name="setup" is-config="true" duration-ms="27964" started-at="2019-09-09T09:48:23Z" finished-at="2019-09-09T09:48:51Z">
          <reporter-output>
          </reporter-output>
        </test-method> <!-- setup -->
        <test-method status="PASS" signature="verifymissionlabel(java.lang.String, java.lang.String, java.lang.String, java.lang.String, java.lang.String, java.lang.String)[pri:10, instance:com.herokuapp.qa.tests.CreateMissionsPageTest@4bbfb90a]" name="verifymissionlabel" duration-ms="20405" started-at="2019-09-09T09:48:51Z" description="Fills the crate mission filed" data-provider="TracifyData" finished-at="2019-09-09T09:49:12Z">
          <params>
            <param index="0">
              <value>
                <![CDATA[Testing  New Department]]>
              </value>
            </param>
            <param index="1">
              <value>
                <![CDATA[Testing Category]]>
              </value>
            </param>
            <param index="2">
              <value>
                <![CDATA[Client 1]]>
              </value>
            </param>
            <param index="3">
              <value>
                <![CDATA[chhotuManual]]>
              </value>
            </param>
            <param index="4">
              <value>
                <![CDATA[chhotuManual]]>
              </value>
            </param>
            <param index="5">
              <value>
                <![CDATA[Test Deadline1]]>
              </value>
            </param>
          </params>
          <reporter-output>
          </reporter-output>
        </test-method> <!-- verifymissionlabel -->
        <test-method status="PASS" signature="Exit()[pri:0, instance:com.herokuapp.qa.tests.CreateMissionsPageTest@4bbfb90a]" name="Exit" is-config="true" duration-ms="1047" started-at="2019-09-09T09:49:12Z" finished-at="2019-09-09T09:49:13Z">
          <reporter-output>
          </reporter-output>
        </test-method> <!-- Exit -->
        <test-method status="PASS" signature="setup()[pri:0, instance:com.herokuapp.qa.tests.CreateMissionsPageTest@4bbfb90a]" name="setup" is-config="true" duration-ms="16299" started-at="2019-09-09T09:49:13Z" finished-at="2019-09-09T09:49:29Z">
          <reporter-output>
          </reporter-output>
        </test-method> <!-- setup -->
        <test-method status="PASS" signature="getResult(org.testng.ITestResult)[pri:0, instance:com.herokuapp.qa.tests.CreateMissionsPageTest@4bbfb90a]" name="getResult" is-config="true" duration-ms="0" started-at="2019-09-09T09:49:13Z" finished-at="2019-09-09T09:49:13Z">
          <params>
            <param index="0">
              <value>
                <![CDATA[[TestResult name=verifymissionlabel status=SUCCESS method=CreateMissionsPageTest.verifymissionlabel(java.lang.String, java.lang.String, java.lang.String, java.lang.String, java.lang.String, java.lang.String)[pri:10, instance:com.herokuapp.qa.tests.CreateMissionsPageTest@4bbfb90a] output={null}]]]>
              </value>
            </param>
          </params>
          <reporter-output>
          </reporter-output>
        </test-method> <!-- getResult -->
        <test-method status="FAIL" signature="verifymissionlabel(java.lang.String, java.lang.String, java.lang.String, java.lang.String, java.lang.String, java.lang.String)[pri:10, instance:com.herokuapp.qa.tests.CreateMissionsPageTest@4bbfb90a]" name="verifymissionlabel" duration-ms="28974" started-at="2019-09-09T09:49:29Z" description="Fills the crate mission filed" data-provider="TracifyData" finished-at="2019-09-09T09:49:58Z">
          <params>
            <param index="0">
              <value>
                <![CDATA[etett]]>
              </value>
            </param>
            <param index="1">
              <value>
                <![CDATA[etetet]]>
              </value>
            </param>
            <param index="2">
              <value>
                <![CDATA[tetyyt]]>
              </value>
            </param>
            <param index="3">
              <value>
                <![CDATA[ejkrk]]>
              </value>
            </param>
            <param index="4">
              <value>
                <![CDATA[rtggy]]>
              </value>
            </param>
            <param index="5">
              <value>
                <![CDATA[ewtytyewty]]>
              </value>
            </param>
          </params>
          <exception class="org.openqa.selenium.NoSuchElementException">
            <message>
              <![CDATA[no such element: Unable to locate element: {"method":"xpath","selector":"//li[contains(text(),'etett')]"}
  (Session info: chrome=76.0.3809.132)
For documentation on this error, please visit: http://seleniumhq.org/exceptions/no_such_element.html
Build info: version: '3.12.0', revision: '7c6e0b3', time: '2018-05-08T14:04:26.12Z'
System info: host: 'AMW-G1', ip: '10.0.75.1', os.name: 'Windows 10', os.arch: 'amd64', os.version: '10.0', java.version: '1.8.0_201'
Driver info: org.openqa.selenium.chrome.ChromeDriver
Capabilities {acceptInsecureCerts: false, browserName: chrome, browserVersion: 76.0.3809.132, chrome: {chromedriverVersion: 76.0.3809.126 (d80a294506b4..., userDataDir: C:\WINDOWS\TEMP\scoped_dir2...}, goog:chromeOptions: {debuggerAddress: localhost:61914}, javascriptEnabled: true, networkConnectionEnabled: false, pageLoadStrategy: normal, platform: XP, platformName: XP, proxy: Proxy(), setWindowRect: true, strictFileInteractability: false, timeouts: {implicit: 0, pageLoad: 300000, script: 30000}, unhandledPromptBehavior: dismiss and notify}
Session ID: 374333ad14b3aad05261c065e30dbc5c
*** Element info: {Using=xpath, value=//li[contains(text(),'etett')]}]]>
            </message>
            <full-stacktrace>
              <![CDATA[org.openqa.selenium.NoSuchElementException: no such element: Unable to locate element: {"method":"xpath","selector":"//li[contains(text(),'etett')]"}
  (Session info: chrome=76.0.3809.132)
For documentation on this error, please visit: http://seleniumhq.org/exceptions/no_such_element.html
Build info: version: '3.12.0', revision: '7c6e0b3', time: '2018-05-08T14:04:26.12Z'
System info: host: 'AMW-G1', ip: '10.0.75.1', os.name: 'Windows 10', os.arch: 'amd64', os.version: '10.0', java.version: '1.8.0_201'
Driver info: org.openqa.selenium.chrome.ChromeDriver
Capabilities {acceptInsecureCerts: false, browserName: chrome, browserVersion: 76.0.3809.132, chrome: {chromedriverVersion: 76.0.3809.126 (d80a294506b4..., userDataDir: C:\WINDOWS\TEMP\scoped_dir2...}, goog:chromeOptions: {debuggerAddress: localhost:61914}, javascriptEnabled: true, networkConnectionEnabled: false, pageLoadStrategy: normal, platform: XP, platformName: XP, proxy: Proxy(), setWindowRect: true, strictFileInteractability: false, timeouts: {implicit: 0, pageLoad: 300000, script: 30000}, unhandledPromptBehavior: dismiss and notify}
Session ID: 374333ad14b3aad05261c065e30dbc5c
*** Element info: {Using=xpath, value=//li[contains(text(),'etett')]}
at sun.reflect.NativeConstructorAccessorImpl.newInstance0(Native Method)
at sun.reflect.NativeConstructorAccessorImpl.newInstance(Unknown Source)
at sun.reflect.DelegatingConstructorAccessorImpl.newInstance(Unknown Source)
at java.lang.reflect.Constructor.newInstance(Unknown Source)
at org.openqa.selenium.remote.http.W3CHttpResponseCodec.createException(W3CHttpResponseCodec.java:187)
at org.openqa.selenium.remote.http.W3CHttpResponseCodec.decode(W3CHttpResponseCodec.java:122)
at org.openqa.selenium.remote.http.W3CHttpResponseCodec.decode(W3CHttpResponseCodec.java:49)
at org.openqa.selenium.remote.HttpCommandExecutor.execute(HttpCommandExecutor.java:158)
at org.openqa.selenium.remote.service.DriverCommandExecutor.execute(DriverCommandExecutor.java:83)
at org.openqa.selenium.remote.RemoteWebDriver.execute(RemoteWebDriver.java:543)
at org.openqa.selenium.remote.RemoteWebDriver.findElement(RemoteWebDriver.java:317)
at org.openqa.selenium.remote.RemoteWebDriver.findElementByXPath(RemoteWebDriver.java:419)
at org.openqa.selenium.By$ByXPath.findElement(By.java:353)
at org.openqa.selenium.remote.RemoteWebDriver.findElement(RemoteWebDriver.java:309)
at sun.reflect.GeneratedMethodAccessor10.invoke(Unknown Source)
at sun.reflect.DelegatingMethodAccessorImpl.invoke(Unknown Source)
at java.lang.reflect.Method.invoke(Unknown Source)
at org.openqa.selenium.support.events.EventFiringWebDriver.lambda$new$1(EventFiringWebDriver.java:103)
at com.sun.proxy.$Proxy10.findElement(Unknown Source)
at org.openqa.selenium.support.events.EventFiringWebDriver.findElement(EventFiringWebDriver.java:186)
at com.herokuapp.qa.pages.CreateMissionsPage.Select_DÃ©partement(CreateMissionsPage.java:107)
at com.herokuapp.qa.tests.CreateMissionsPageTest.verifymissionlabel(CreateMissionsPageTest.java:65)
at sun.reflect.NativeMethodAccessorImpl.invoke0(Native Method)
at sun.reflect.NativeMethodAccessorImpl.invoke(Unknown Source)
at sun.reflect.DelegatingMethodAccessorImpl.invoke(Unknown Source)
at java.lang.reflect.Method.invoke(Unknown Source)
at org.testng.internal.MethodInvocationHelper.invokeMethod(MethodInvocationHelper.java:124)
at org.testng.internal.Invoker.invokeMethod(Invoker.java:580)
at org.testng.internal.Invoker.invokeTestMethod(Invoker.java:716)
at org.testng.internal.Invoker.invokeTestMethods(Invoker.java:988)
at org.testng.internal.TestMethodWorker.invokeTestMethods(TestMethodWorker.java:125)
at org.testng.internal.TestMethodWorker.run(TestMethodWorker.java:109)
at org.testng.TestRunner.privateRun(TestRunner.java:648)
at org.testng.TestRunner.run(TestRunner.java:505)
at org.testng.SuiteRunner.runTest(SuiteRunner.java:455)
at org.testng.SuiteRunner.runSequentially(SuiteRunner.java:450)
at org.testng.SuiteRunner.privateRun(SuiteRunner.java:415)
at org.testng.SuiteRunner.run(SuiteRunner.java:364)
at org.testng.SuiteRunnerWorker.runSuite(SuiteRunnerWorker.java:52)
at org.testng.SuiteRunnerWorker.run(SuiteRunnerWorker.java:84)
at org.testng.TestNG.runSuitesSequentially(TestNG.java:1208)
at org.testng.TestNG.runSuitesLocally(TestNG.java:1137)
at org.testng.TestNG.runSuites(TestNG.java:1049)
at org.testng.TestNG.run(TestNG.java:1017)
at org.testng.remote.AbstractRemoteTestNG.run(AbstractRemoteTestNG.java:114)
at org.testng.remote.RemoteTestNG.initAndRun(RemoteTestNG.java:251)
at org.testng.remote.RemoteTestNG.main(RemoteTestNG.java:77)
]]>
            </full-stacktrace>
          </exception> <!-- org.openqa.selenium.NoSuchElementException -->
          <reporter-output>
          </reporter-output>
        </test-method> <!-- verifymissionlabel -->
        <test-method status="PASS" signature="Exit()[pri:0, instance:com.herokuapp.qa.tests.CreateMissionsPageTest@4bbfb90a]" name="Exit" is-config="true" duration-ms="1025" started-at="2019-09-09T09:49:58Z" finished-at="2019-09-09T09:49:59Z">
          <reporter-output>
          </reporter-output>
        </test-method> <!-- Exit -->
        <test-method status="PASS" signature="getResult(org.testng.ITestResult)[pri:0, instance:com.herokuapp.qa.tests.CreateMissionsPageTest@4bbfb90a]" name="getResult" is-config="true" duration-ms="8" started-at="2019-09-09T09:49:59Z" finished-at="2019-09-09T09:49:59Z">
          <params>
            <param index="0">
              <value>
                <![CDATA[[TestResult name=verifymissionlabel status=FAILURE method=CreateMissionsPageTest.verifymissionlabel(java.lang.String, java.lang.String, java.lang.String, java.lang.String, java.lang.String, java.lang.String)[pri:10, instance:com.herokuapp.qa.tests.CreateMissionsPageTest@4bbfb90a] output={null}]]]>
              </value>
            </param>
          </params>
          <reporter-output>
          </reporter-output>
        </test-method> <!-- getResult -->
      </class> <!-- com.herokuapp.qa.tests.CreateMissionsPageTest -->
      <class name="com.herokuapp.qa.tests.SubDivisonMissionPageTest">
        <test-method status="PASS" signature="setup()[pri:0, instance:com.herokuapp.qa.tests.SubDivisonMissionPageTest@7c29daf3]" name="setup" is-config="true" duration-ms="17741" started-at="2019-09-09T09:49:59Z" finished-at="2019-09-09T09:50:17Z">
          <reporter-output>
          </reporter-output>
        </test-method> <!-- setup -->
        <test-method status="PASS" signature="verifyaddmision_as_subdepart(java.lang.String, java.lang.String, java.lang.String, java.lang.String, java.lang.String, java.lang.String)[pri:11, instance:com.herokuapp.qa.tests.SubDivisonMissionPageTest@7c29daf3]" name="verifyaddmision_as_subdepart" duration-ms="8692" started-at="2019-09-09T09:50:17Z" description="verify add mission button with sub departement" data-provider="Tracifysubmission" finished-at="2019-09-09T09:50:25Z">
          <params>
            <param index="0">
              <value>
                <![CDATA[Testing  New Department]]>
              </value>
            </param>
            <param index="1">
              <value>
                <![CDATA[Testing Category]]>
              </value>
            </param>
            <param index="2">
              <value>
                <![CDATA[Client 1]]>
              </value>
            </param>
            <param index="3">
              <value>
                <![CDATA[chhotuManual]]>
              </value>
            </param>
            <param index="4">
              <value>
                <![CDATA[chhotuManual]]>
              </value>
            </param>
            <param index="5">
              <value>
                <![CDATA[Test Deadline1]]>
              </value>
            </param>
          </params>
          <reporter-output>
          </reporter-output>
        </test-method> <!-- verifyaddmision_as_subdepart -->
        <test-method status="PASS" signature="Exit()[pri:0, instance:com.herokuapp.qa.tests.SubDivisonMissionPageTest@7c29daf3]" name="Exit" is-config="true" duration-ms="973" started-at="2019-09-09T09:50:25Z" finished-at="2019-09-09T09:50:26Z">
          <reporter-output>
          </reporter-output>
        </test-method> <!-- Exit -->
        <test-method status="PASS" signature="getResult(org.testng.ITestResult)[pri:0, instance:com.herokuapp.qa.tests.SubDivisonMissionPageTest@7c29daf3]" name="getResult" is-config="true" duration-ms="2" started-at="2019-09-09T09:50:26Z" finished-at="2019-09-09T09:50:26Z">
          <params>
            <param index="0">
              <value>
                <![CDATA[[TestResult name=verifyaddmision_as_subdepart status=SUCCESS method=SubDivisonMissionPageTest.verifyaddmision_as_subdepart(java.lang.String, java.lang.String, java.lang.String, java.lang.String, java.lang.String, java.lang.String)[pri:11, instance:com.herokuapp.qa.tests.SubDivisonMissionPageTest@7c29daf3] output={null}]]]>
              </value>
            </param>
          </params>
          <reporter-output>
          </reporter-output>
        </test-method> <!-- getResult -->
        <test-method status="PASS" signature="setup()[pri:0, instance:com.herokuapp.qa.tests.SubDivisonMissionPageTest@7c29daf3]" name="setup" is-config="true" duration-ms="16887" started-at="2019-09-09T09:50:26Z" finished-at="2019-09-09T09:50:43Z">
          <reporter-output>
          </reporter-output>
        </test-method> <!-- setup -->
        <test-method status="FAIL" signature="verifyaddmision_as_subdepart(java.lang.String, java.lang.String, java.lang.String, java.lang.String, java.lang.String, java.lang.String)[pri:11, instance:com.herokuapp.qa.tests.SubDivisonMissionPageTest@7c29daf3]" name="verifyaddmision_as_subdepart" duration-ms="22645" started-at="2019-09-09T09:50:43Z" description="verify add mission button with sub departement" data-provider="Tracifysubmission" finished-at="2019-09-09T09:51:06Z">
          <params>
            <param index="0">
              <value>
                <![CDATA[etett]]>
              </value>
            </param>
            <param index="1">
              <value>
                <![CDATA[etetet]]>
              </value>
            </param>
            <param index="2">
              <value>
                <![CDATA[tetyyt]]>
              </value>
            </param>
            <param index="3">
              <value>
                <![CDATA[ejkrk]]>
              </value>
            </param>
            <param index="4">
              <value>
                <![CDATA[rtggy]]>
              </value>
            </param>
            <param index="5">
              <value>
                <![CDATA[ewtytyewty]]>
              </value>
            </param>
          </params>
          <exception class="org.openqa.selenium.NoSuchElementException">
            <message>
              <![CDATA[no such element: Unable to locate element: {"method":"xpath","selector":"//a[contains(@class, 'dropdown-item')][contains(text(),'etett')]"}
  (Session info: chrome=76.0.3809.132)
For documentation on this error, please visit: http://seleniumhq.org/exceptions/no_such_element.html
Build info: version: '3.12.0', revision: '7c6e0b3', time: '2018-05-08T14:04:26.12Z'
System info: host: 'AMW-G1', ip: '10.0.75.1', os.name: 'Windows 10', os.arch: 'amd64', os.version: '10.0', java.version: '1.8.0_201'
Driver info: org.openqa.selenium.chrome.ChromeDriver
Capabilities {acceptInsecureCerts: false, browserName: chrome, browserVersion: 76.0.3809.132, chrome: {chromedriverVersion: 76.0.3809.126 (d80a294506b4..., userDataDir: C:\WINDOWS\TEMP\scoped_dir2...}, goog:chromeOptions: {debuggerAddress: localhost:61988}, javascriptEnabled: true, networkConnectionEnabled: false, pageLoadStrategy: normal, platform: XP, platformName: XP, proxy: Proxy(), setWindowRect: true, strictFileInteractability: false, timeouts: {implicit: 0, pageLoad: 300000, script: 30000}, unhandledPromptBehavior: dismiss and notify}
Session ID: 214332a94a140518727121b556377304
*** Element info: {Using=xpath, value=//a[contains(@class, 'dropdown-item')][contains(text(),'etett')]}]]>
            </message>
            <full-stacktrace>
              <![CDATA[org.openqa.selenium.NoSuchElementException: no such element: Unable to locate element: {"method":"xpath","selector":"//a[contains(@class, 'dropdown-item')][contains(text(),'etett')]"}
  (Session info: chrome=76.0.3809.132)
For documentation on this error, please visit: http://seleniumhq.org/exceptions/no_such_element.html
Build info: version: '3.12.0', revision: '7c6e0b3', time: '2018-05-08T14:04:26.12Z'
System info: host: 'AMW-G1', ip: '10.0.75.1', os.name: 'Windows 10', os.arch: 'amd64', os.version: '10.0', java.version: '1.8.0_201'
Driver info: org.openqa.selenium.chrome.ChromeDriver
Capabilities {acceptInsecureCerts: false, browserName: chrome, browserVersion: 76.0.3809.132, chrome: {chromedriverVersion: 76.0.3809.126 (d80a294506b4..., userDataDir: C:\WINDOWS\TEMP\scoped_dir2...}, goog:chromeOptions: {debuggerAddress: localhost:61988}, javascriptEnabled: true, networkConnectionEnabled: false, pageLoadStrategy: normal, platform: XP, platformName: XP, proxy: Proxy(), setWindowRect: true, strictFileInteractability: false, timeouts: {implicit: 0, pageLoad: 300000, script: 30000}, unhandledPromptBehavior: dismiss and notify}
Session ID: 214332a94a140518727121b556377304
*** Element info: {Using=xpath, value=//a[contains(@class, 'dropdown-item')][contains(text(),'etett')]}
at sun.reflect.NativeConstructorAccessorImpl.newInstance0(Native Method)
at sun.reflect.NativeConstructorAccessorImpl.newInstance(Unknown Source)
at sun.reflect.DelegatingConstructorAccessorImpl.newInstance(Unknown Source)
at java.lang.reflect.Constructor.newInstance(Unknown Source)
at org.openqa.selenium.remote.http.W3CHttpResponseCodec.createException(W3CHttpResponseCodec.java:187)
at org.openqa.selenium.remote.http.W3CHttpResponseCodec.decode(W3CHttpResponseCodec.java:122)
at org.openqa.selenium.remote.http.W3CHttpResponseCodec.decode(W3CHttpResponseCodec.java:49)
at org.openqa.selenium.remote.HttpCommandExecutor.execute(HttpCommandExecutor.java:158)
at org.openqa.selenium.remote.service.DriverCommandExecutor.execute(DriverCommandExecutor.java:83)
at org.openqa.selenium.remote.RemoteWebDriver.execute(RemoteWebDriver.java:543)
at org.openqa.selenium.remote.RemoteWebDriver.findElement(RemoteWebDriver.java:317)
at org.openqa.selenium.remote.RemoteWebDriver.findElementByXPath(RemoteWebDriver.java:419)
at org.openqa.selenium.By$ByXPath.findElement(By.java:353)
at org.openqa.selenium.remote.RemoteWebDriver.findElement(RemoteWebDriver.java:309)
at sun.reflect.GeneratedMethodAccessor10.invoke(Unknown Source)
at sun.reflect.DelegatingMethodAccessorImpl.invoke(Unknown Source)
at java.lang.reflect.Method.invoke(Unknown Source)
at org.openqa.selenium.support.events.EventFiringWebDriver.lambda$new$1(EventFiringWebDriver.java:103)
at com.sun.proxy.$Proxy10.findElement(Unknown Source)
at org.openqa.selenium.support.events.EventFiringWebDriver.findElement(EventFiringWebDriver.java:186)
at com.herokuapp.qa.pages.SubDivisonMissionPage.By_department(SubDivisonMissionPage.java:36)
at com.herokuapp.qa.tests.SubDivisonMissionPageTest.verifyaddmision_as_subdepart(SubDivisonMissionPageTest.java:46)
at sun.reflect.NativeMethodAccessorImpl.invoke0(Native Method)
at sun.reflect.NativeMethodAccessorImpl.invoke(Unknown Source)
at sun.reflect.DelegatingMethodAccessorImpl.invoke(Unknown Source)
at java.lang.reflect.Method.invoke(Unknown Source)
at org.testng.internal.MethodInvocationHelper.invokeMethod(MethodInvocationHelper.java:124)
at org.testng.internal.Invoker.invokeMethod(Invoker.java:580)
at org.testng.internal.Invoker.invokeTestMethod(Invoker.java:716)
at org.testng.internal.Invoker.invokeTestMethods(Invoker.java:988)
at org.testng.internal.TestMethodWorker.invokeTestMethods(TestMethodWorker.java:125)
at org.testng.internal.TestMethodWorker.run(TestMethodWorker.java:109)
at org.testng.TestRunner.privateRun(TestRunner.java:648)
at org.testng.TestRunner.run(TestRunner.java:505)
at org.testng.SuiteRunner.runTest(SuiteRunner.java:455)
at org.testng.SuiteRunner.runSequentially(SuiteRunner.java:450)
at org.testng.SuiteRunner.privateRun(SuiteRunner.java:415)
at org.testng.SuiteRunner.run(SuiteRunner.java:364)
at org.testng.SuiteRunnerWorker.runSuite(SuiteRunnerWorker.java:52)
at org.testng.SuiteRunnerWorker.run(SuiteRunnerWorker.java:84)
at org.testng.TestNG.runSuitesSequentially(TestNG.java:1208)
at org.testng.TestNG.runSuitesLocally(TestNG.java:1137)
at org.testng.TestNG.runSuites(TestNG.java:1049)
at org.testng.TestNG.run(TestNG.java:1017)
at org.testng.remote.AbstractRemoteTestNG.run(AbstractRemoteTestNG.java:114)
at org.testng.remote.RemoteTestNG.initAndRun(RemoteTestNG.java:251)
at org.testng.remote.RemoteTestNG.main(RemoteTestNG.java:77)
]]>
            </full-stacktrace>
          </exception> <!-- org.openqa.selenium.NoSuchElementException -->
          <reporter-output>
          </reporter-output>
        </test-method> <!-- verifyaddmision_as_subdepart -->
        <test-method status="PASS" signature="Exit()[pri:0, instance:com.herokuapp.qa.tests.SubDivisonMissionPageTest@7c29daf3]" name="Exit" is-config="true" duration-ms="985" started-at="2019-09-09T09:51:06Z" finished-at="2019-09-09T09:51:07Z">
          <reporter-output>
          </reporter-output>
        </test-method> <!-- Exit -->
        <test-method status="PASS" signature="getResult(org.testng.ITestResult)[pri:0, instance:com.herokuapp.qa.tests.SubDivisonMissionPageTest@7c29daf3]" name="getResult" is-config="true" duration-ms="6" started-at="2019-09-09T09:51:07Z" finished-at="2019-09-09T09:51:07Z">
          <params>
            <param index="0">
              <value>
                <![CDATA[[TestResult name=verifyaddmision_as_subdepart status=FAILURE method=SubDivisonMissionPageTest.verifyaddmision_as_subdepart(java.lang.String, java.lang.String, java.lang.String, java.lang.String, java.lang.String, java.lang.String)[pri:11, instance:com.herokuapp.qa.tests.SubDivisonMissionPageTest@7c29daf3] output={null}]]]>
              </value>
            </param>
          </params>
          <reporter-output>
          </reporter-output>
        </test-method> <!-- getResult -->
      </class> <!-- com.herokuapp.qa.tests.SubDivisonMissionPageTest -->
      <class name="com.herokuapp.qa.tests.LoginPageTest">
        <test-method status="PASS" signature="ReportSetup()[pri:0, instance:com.herokuapp.qa.tests.LoginPageTest@a7e666]" name="ReportSetup" is-config="true" duration-ms="175" started-at="2019-09-09T09:45:25Z" finished-at="2019-09-09T09:45:25Z">
          <reporter-output>
          </reporter-output>
        </test-method> <!-- ReportSetup -->
        <test-method status="PASS" signature="setup()[pri:0, instance:com.herokuapp.qa.tests.LoginPageTest@a7e666]" name="setup" is-config="true" duration-ms="10434" started-at="2019-09-09T09:45:25Z" finished-at="2019-09-09T09:45:35Z">
          <reporter-output>
          </reporter-output>
        </test-method> <!-- setup -->
        <test-method status="PASS" signature="verifyloginpagetitle()[pri:1, instance:com.herokuapp.qa.tests.LoginPageTest@a7e666]" name="verifyloginpagetitle" duration-ms="488" started-at="2019-09-09T09:45:35Z" description="Validation of Login page tile" finished-at="2019-09-09T09:45:36Z">
          <reporter-output>
          </reporter-output>
        </test-method> <!-- verifyloginpagetitle -->
        <test-method status="PASS" signature="Exit()[pri:0, instance:com.herokuapp.qa.tests.LoginPageTest@a7e666]" name="Exit" is-config="true" duration-ms="953" started-at="2019-09-09T09:45:36Z" finished-at="2019-09-09T09:45:37Z">
          <reporter-output>
          </reporter-output>
        </test-method> <!-- Exit -->
        <test-method status="PASS" signature="getResult(org.testng.ITestResult)[pri:0, instance:com.herokuapp.qa.tests.LoginPageTest@a7e666]" name="getResult" is-config="true" duration-ms="17" started-at="2019-09-09T09:45:37Z" finished-at="2019-09-09T09:45:37Z">
          <params>
            <param index="0">
              <value>
                <![CDATA[[TestResult name=verifyloginpagetitle status=SUCCESS method=LoginPageTest.verifyloginpagetitle()[pri:1, instance:com.herokuapp.qa.tests.LoginPageTest@a7e666] output={null}]]]>
              </value>
            </param>
          </params>
          <reporter-output>
          </reporter-output>
        </test-method> <!-- getResult -->
        <test-method status="PASS" signature="setup()[pri:0, instance:com.herokuapp.qa.tests.LoginPageTest@a7e666]" name="setup" is-config="true" duration-ms="9971" started-at="2019-09-09T09:45:37Z" finished-at="2019-09-09T09:45:47Z">
          <reporter-output>
          </reporter-output>
        </test-method> <!-- setup -->
        <test-method status="PASS" signature="login()[pri:2, instance:com.herokuapp.qa.tests.LoginPageTest@a7e666]" name="login" duration-ms="25639" started-at="2019-09-09T09:45:47Z" description="Tracify user login Page" finished-at="2019-09-09T09:46:12Z">
          <reporter-output>
          </reporter-output>
        </test-method> <!-- login -->
        <test-method status="PASS" signature="Exit()[pri:0, instance:com.herokuapp.qa.tests.LoginPageTest@a7e666]" name="Exit" is-config="true" duration-ms="975" started-at="2019-09-09T09:46:12Z" finished-at="2019-09-09T09:46:13Z">
          <reporter-output>
          </reporter-output>
        </test-method> <!-- Exit -->
        <test-method status="PASS" signature="getResult(org.testng.ITestResult)[pri:0, instance:com.herokuapp.qa.tests.LoginPageTest@a7e666]" name="getResult" is-config="true" duration-ms="1" started-at="2019-09-09T09:46:13Z" finished-at="2019-09-09T09:46:13Z">
          <params>
            <param index="0">
              <value>
                <![CDATA[[TestResult name=login status=SUCCESS method=LoginPageTest.login()[pri:2, instance:com.herokuapp.qa.tests.LoginPageTest@a7e666] output={null}]]]>
              </value>
            </param>
          </params>
          <reporter-output>
          </reporter-output>
        </test-method> <!-- getResult -->
        <test-method status="PASS" signature="endReport()[pri:0, instance:com.herokuapp.qa.tests.LoginPageTest@a7e666]" name="endReport" is-config="true" duration-ms="405" started-at="2019-09-09T09:51:07Z" finished-at="2019-09-09T09:51:07Z">
          <reporter-output>
          </reporter-output>
        </test-method> <!-- endReport -->
      </class> <!-- com.herokuapp.qa.tests.LoginPageTest -->
      <class name="com.herokuapp.qa.tests.LogoutPageTest">
        <test-method status="PASS" signature="setup()[pri:0, instance:com.herokuapp.qa.tests.LogoutPageTest@68bbe345]" name="setup" is-config="true" duration-ms="17588" started-at="2019-09-09T09:46:13Z" finished-at="2019-09-09T09:46:31Z">
          <reporter-output>
          </reporter-output>
        </test-method> <!-- setup -->
        <test-method status="PASS" signature="clicklogout()[pri:3, instance:com.herokuapp.qa.tests.LogoutPageTest@68bbe345]" name="clicklogout" duration-ms="4834" started-at="2019-09-09T09:46:31Z" description="Validation the user logout the app" finished-at="2019-09-09T09:46:36Z">
          <reporter-output>
          </reporter-output>
        </test-method> <!-- clicklogout -->
        <test-method status="PASS" signature="Exit()[pri:0, instance:com.herokuapp.qa.tests.LogoutPageTest@68bbe345]" name="Exit" is-config="true" duration-ms="999" started-at="2019-09-09T09:46:36Z" finished-at="2019-09-09T09:46:37Z">
          <reporter-output>
          </reporter-output>
        </test-method> <!-- Exit -->
        <test-method status="PASS" signature="getResult(org.testng.ITestResult)[pri:0, instance:com.herokuapp.qa.tests.LogoutPageTest@68bbe345]" name="getResult" is-config="true" duration-ms="0" started-at="2019-09-09T09:46:37Z" finished-at="2019-09-09T09:46:37Z">
          <params>
            <param index="0">
              <value>
                <![CDATA[[TestResult name=clicklogout status=SUCCESS method=LogoutPageTest.clicklogout()[pri:3, instance:com.herokuapp.qa.tests.LogoutPageTest@68bbe345] output={null}]]]>
              </value>
            </param>
          </params>
          <reporter-output>
          </reporter-output>
        </test-method> <!-- getResult -->
      </class> <!-- com.herokuapp.qa.tests.LogoutPageTest -->
    </test> <!-- tracify app test Cases -->
  </suite> <!-- tracify Application Test Automation Test Suite -->
</testng-results>
